# JRE version: Java(TM) SE Runtime Environment (8.0_112-b15) (build 1.8.0_112-b15)
# Java VM: Java HotSpot(TM) 64-Bit Server VM (25.112-b15 mixed mode windows-amd64 compressed oops)
Heap:
 PSYoungGen      total 454144K, used 91751K [0x00000000e0000000, 0x0000000100000000, 0x0000000100000000)
  eden space 401408K, 20% used [0x00000000e0000000,0x00000000e5066a50,0x00000000f8800000)
  from space 52736K, 17% used [0x00000000fcc80000,0x00000000fd5b3210,0x0000000100000000)
  to   space 61440K, 0% used [0x00000000f8800000,0x00000000f8800000,0x00000000fc400000)
 ParOldGen       total 231424K, used 171439K [0x00000000a0000000, 0x00000000ae200000, 0x00000000e0000000)
  object space 231424K, 74% used [0x00000000a0000000,0x00000000aa76bc60,0x00000000ae200000)
 Metaspace       used 96958K, capacity 105494K, committed 106072K, reserved 1140736K
  class space    used 12441K, capacity 13577K, committed 13912K, reserved 1048576K
GC Heap History (10 events):
Event: 16371.400 GC heap before
{Heap before GC invocations=152 (full 16):
 PSYoungGen      total 462848K, used 406592K [0x00000000e0000000, 0x00000000ffb80000, 0x0000000100000000)
  eden space 406528K, 100% used [0x00000000e0000000,0x00000000f8d00000,0x00000000f8d00000)
  from space 56320K, 0% used [0x00000000f8d00000,0x00000000f8d10000,0x00000000fc400000)
  to   space 54272K, 0% used [0x00000000fc680000,0x00000000fc680000,0x00000000ffb80000)
 ParOldGen       total 231424K, used 113128K [0x00000000a0000000, 0x00000000ae200000, 0x00000000e0000000)
  object space 231424K, 48% used [0x00000000a0000000,0x00000000a6e7a038,0x00000000ae200000)
 Metaspace       used 96536K, capacity 104708K, committed 105816K, reserved 1140736K
  class space    used 12377K, capacity 13488K, committed 13912K, reserved 1048576K
Event: 16371.417 GC heap after
Heap after GC invocations=152 (full 16):
 PSYoungGen      total 463360K, used 10027K [0x00000000e0000000, 0x00000000ff700000, 0x0000000100000000)
  eden space 413696K, 0% used [0x00000000e0000000,0x00000000e0000000,0x00000000f9400000)
  from space 49664K, 20% used [0x00000000fc680000,0x00000000fd04ac50,0x00000000ff700000)
  to   space 50688K, 0% used [0x00000000f9400000,0x00000000f9400000,0x00000000fc580000)
 ParOldGen       total 231424K, used 113160K [0x00000000a0000000, 0x00000000ae200000, 0x00000000e0000000)
  object space 231424K, 48% used [0x00000000a0000000,0x00000000a6e82038,0x00000000ae200000)
 Metaspace       used 96536K, capacity 104708K, committed 105816K, reserved 1140736K
  class space    used 12377K, capacity 13488K, committed 13912K, reserved 1048576K
}
Event: 16383.069 GC heap before
{Heap before GC invocations=153 (full 16):
 PSYoungGen      total 463360K, used 423723K [0x00000000e0000000, 0x00000000ff700000, 0x0000000100000000)
  eden space 413696K, 100% used [0x00000000e0000000,0x00000000f9400000,0x00000000f9400000)
  from space 49664K, 20% used [0x00000000fc680000,0x00000000fd04ac50,0x00000000ff700000)
  to   space 50688K, 0% used [0x00000000f9400000,0x00000000f9400000,0x00000000fc580000)
 ParOldGen       total 231424K, used 113160K [0x00000000a0000000, 0x00000000ae200000, 0x00000000e0000000)
  object space 231424K, 48% used [0x00000000a0000000,0x00000000a6e82038,0x00000000ae200000)
 Metaspace       used 96602K, capacity 104868K, committed 105816K, reserved 1140736K
  class space    used 12387K, capacity 13504K, committed 13912K, reserved 1048576K
Event: 16383.107 GC heap after
Heap after GC invocations=153 (full 16):
 PSYoungGen      total 464384K, used 15090K [0x00000000e0000000, 0x00000000ffc00000, 0x0000000100000000)
  eden space 413696K, 0% used [0x00000000e0000000,0x00000000e0000000,0x00000000f9400000)
  from space 50688K, 29% used [0x00000000f9400000,0x00000000fa2bc948,0x00000000fc580000)
  to   space 48128K, 0% used [0x00000000fcd00000,0x00000000fcd00000,0x00000000ffc00000)
 ParOldGen       total 231424K, used 122735K [0x00000000a0000000, 0x00000000ae200000, 0x00000000e0000000)
  object space 231424K, 53% used [0x00000000a0000000,0x00000000a77dbde0,0x00000000ae200000)
 Metaspace       used 96602K, capacity 104868K, committed 105816K, reserved 1140736K
  class space    used 12387K, capacity 13504K, committed 13912K, reserved 1048576K
}
Event: 16420.413 GC heap before
{Heap before GC invocations=154 (full 16):
 PSYoungGen      total 464384K, used 428786K [0x00000000e0000000, 0x00000000ffc00000, 0x0000000100000000)
  eden space 413696K, 100% used [0x00000000e0000000,0x00000000f9400000,0x00000000f9400000)
  from space 50688K, 29% used [0x00000000f9400000,0x00000000fa2bc948,0x00000000fc580000)
  to   space 48128K, 0% used [0x00000000fcd00000,0x00000000fcd00000,0x00000000ffc00000)
 ParOldGen       total 231424K, used 122735K [0x00000000a0000000, 0x00000000ae200000, 0x00000000e0000000)
  object space 231424K, 53% used [0x00000000a0000000,0x00000000a77dbde0,0x00000000ae200000)
 Metaspace       used 96677K, capacity 105024K, committed 106072K, reserved 1140736K
  class space    used 12395K, capacity 13512K, committed 13912K, reserved 1048576K
Event: 16420.447 GC heap after
Heap after GC invocations=154 (full 16):
 PSYoungGen      total 471040K, used 17580K [0x00000000e0000000, 0x00000000ff980000, 0x0000000100000000)
  eden space 425472K, 0% used [0x00000000e0000000,0x00000000e0000000,0x00000000f9f80000)
  from space 45568K, 38% used [0x00000000fcd00000,0x00000000fde2b198,0x00000000ff980000)
  to   space 46080K, 0% used [0x00000000f9f80000,0x00000000f9f80000,0x00000000fcc80000)
 ParOldGen       total 231424K, used 129316K [0x00000000a0000000, 0x00000000ae200000, 0x00000000e0000000)
  object space 231424K, 55% used [0x00000000a0000000,0x00000000a7e492f0,0x00000000ae200000)
 Metaspace       used 96677K, capacity 105024K, committed 106072K, reserved 1140736K
  class space    used 12395K, capacity 13512K, committed 13912K, reserved 1048576K
}
Event: 16752.242 GC heap before
{Heap before GC invocations=155 (full 16):
 PSYoungGen      total 471040K, used 443052K [0x00000000e0000000, 0x00000000ff980000, 0x0000000100000000)
  eden space 425472K, 100% used [0x00000000e0000000,0x00000000f9f80000,0x00000000f9f80000)
  from space 45568K, 38% used [0x00000000fcd00000,0x00000000fde2b198,0x00000000ff980000)
  to   space 46080K, 0% used [0x00000000f9f80000,0x00000000f9f80000,0x00000000fcc80000)
 ParOldGen       total 231424K, used 129316K [0x00000000a0000000, 0x00000000ae200000, 0x00000000e0000000)
  object space 231424K, 55% used [0x00000000a0000000,0x00000000a7e492f0,0x00000000ae200000)
 Metaspace       used 96858K, capacity 105310K, committed 106072K, reserved 1140736K
  class space    used 12422K, capacity 13553K, committed 13912K, reserved 1048576K
Event: 16752.435 GC heap after
Heap after GC invocations=155 (full 16):
 PSYoungGen      total 471552K, used 46062K [0x00000000e0000000, 0x0000000100000000, 0x0000000100000000)
  eden space 425472K, 0% used [0x00000000e0000000,0x00000000e0000000,0x00000000f9f80000)
  from space 46080K, 99% used [0x00000000f9f80000,0x00000000fcc7b9d0,0x00000000fcc80000)
  to   space 52736K, 0% used [0x00000000fcc80000,0x00000000fcc80000,0x0000000100000000)
 ParOldGen       total 231424K, used 153928K [0x00000000a0000000, 0x00000000ae200000, 0x00000000e0000000)
  object space 231424K, 66% used [0x00000000a0000000,0x00000000a96520f8,0x00000000ae200000)
 Metaspace       used 96858K, capacity 105310K, committed 106072K, reserved 1140736K
  class space    used 12422K, capacity 13553K, committed 13912K, reserved 1048576K
}
Event: 18902.113 GC heap before
{Heap before GC invocations=156 (full 16):
 PSYoungGen      total 471552K, used 471534K [0x00000000e0000000, 0x0000000100000000, 0x0000000100000000)
  eden space 425472K, 100% used [0x00000000e0000000,0x00000000f9f80000,0x00000000f9f80000)
  from space 46080K, 99% used [0x00000000f9f80000,0x00000000fcc7b9d0,0x00000000fcc80000)
  to   space 52736K, 0% used [0x00000000fcc80000,0x00000000fcc80000,0x0000000100000000)
 ParOldGen       total 231424K, used 153928K [0x00000000a0000000, 0x00000000ae200000, 0x00000000e0000000)
  object space 231424K, 66% used [0x00000000a0000000,0x00000000a96520f8,0x00000000ae200000)
 Metaspace       used 96915K, capacity 105406K, committed 106072K, reserved 1140736K
  class space    used 12433K, capacity 13569K, committed 13912K, reserved 1048576K
Event: 18902.534 GC heap after
Heap after GC invocations=156 (full 16):
 PSYoungGen      total 454144K, used 9420K [0x00000000e0000000, 0x0000000100000000, 0x0000000100000000)
  eden space 401408K, 0% used [0x00000000e0000000,0x00000000e0000000,0x00000000f8800000)
  from space 52736K, 17% used [0x00000000fcc80000,0x00000000fd5b3210,0x0000000100000000)
  to   space 61440K, 0% used [0x00000000f8800000,0x00000000f8800000,0x00000000fc400000)
 ParOldGen       total 231424K, used 171439K [0x00000000a0000000, 0x00000000ae200000, 0x00000000e0000000)
  object space 231424K, 74% used [0x00000000a0000000,0x00000000aa76bc60,0x00000000ae200000)
 Metaspace       used 96915K, capacity 105406K, committed 106072K, reserved 1140736K
  class space    used 12433K, capacity 13569K, committed 13912K, reserved 1048576K
}

